<?xml version="1.0" encoding="UTF-8"?>
<!-- Generated by org.testng.reporters.JUnitXMLReporter -->
<testsuite ignored="0" hostname="LAP000317" failures="0" tests="4" name="Test" time="9.65" errors="0" timestamp="2025-07-22T21:32:26 IST">
  <testcase classname="api.testcases.UserTest" name="testcreateuser" time="2.754"/>
  <testcase classname="api.testcases.UserTest" name="testgetUserData" time="1.657"/>
  <testcase classname="api.testcases.UserTest" name="testputUserData" time="3.268"/>
  <testcase classname="api.testcases.UserTest" name="testdeleteUserData" time="1.639"/>
</testsuite> <!-- Test -->
