<?xml version="1.0" encoding="UTF-8"?>
<testng-results ignored="0" total="4" passed="4" failed="0" skipped="0">
  <reporter-output>
  </reporter-output>
  <suite started-at="2025-07-22T21:32:16 IST" name="Suite" finished-at="2025-07-22T21:32:25 IST" duration-ms="9650">
    <groups>
    </groups>
    <test started-at="2025-07-22T21:32:16 IST" name="Test" finished-at="2025-07-22T21:32:25 IST" duration-ms="9650">
      <class name="api.testcases.UserTest">
        <test-method is-config="true" signature="generateTestData()[pri:0, instance:api.testcases.UserTest@33b74f]" started-at="2025-07-22T21:32:16 IST" name="generateTestData" finished-at="2025-07-22T21:32:16 IST" duration-ms="137" status="PASS">
          <reporter-output>
          </reporter-output>
        </test-method> <!-- generateTestData -->
        <test-method signature="testcreateuser()[pri:1, instance:api.testcases.UserTest@33b74f]" started-at="2025-07-22T21:32:16 IST" name="testcreateuser" finished-at="2025-07-22T21:32:19 IST" duration-ms="2754" status="PASS">
          <reporter-output>
          </reporter-output>
        </test-method> <!-- testcreateuser -->
        <test-method signature="testgetUserData()[pri:2, instance:api.testcases.UserTest@33b74f]" started-at="2025-07-22T21:32:19 IST" name="testgetUserData" finished-at="2025-07-22T21:32:21 IST" duration-ms="1657" status="PASS">
          <reporter-output>
          </reporter-output>
        </test-method> <!-- testgetUserData -->
        <test-method signature="testputUserData()[pri:3, instance:api.testcases.UserTest@33b74f]" started-at="2025-07-22T21:32:21 IST" name="testputUserData" finished-at="2025-07-22T21:32:24 IST" duration-ms="3268" status="PASS">
          <reporter-output>
          </reporter-output>
        </test-method> <!-- testputUserData -->
        <test-method signature="testdeleteUserData()[pri:4, instance:api.testcases.UserTest@33b74f]" started-at="2025-07-22T21:32:24 IST" name="testdeleteUserData" finished-at="2025-07-22T21:32:25 IST" duration-ms="1639" status="PASS">
          <reporter-output>
          </reporter-output>
        </test-method> <!-- testdeleteUserData -->
      </class> <!-- api.testcases.UserTest -->
    </test> <!-- Test -->
  </suite> <!-- Suite -->
</testng-results>
