<?xml version="1.0" encoding="UTF-8"?>
<testsuite xmlns:xsi="http://www.w3.org/2001/XMLSchema-instance" xsi:noNamespaceSchemaLocation="https://maven.apache.org/surefire/maven-surefire-plugin/xsd/surefire-test-report-3.0.xsd" version="3.0" name="TestSuite" time="10.134" tests="4" errors="0" skipped="0" failures="0">
  <properties>
[...]
</properties>
  <testcase name="testcreateuser" classname="api.testcases.UserTest" time="2.76">
    <system-out><![CDATA[on start method invoked...
Create Data
HTTP/1.1 200 OK
Date: Tue, 22 Jul 2025 16:02:19 GMT
Content-Type: application/json
Transfer-Encoding: chunked
Connection: keep-alive
Access-Control-Allow-Origin: *
Access-Control-Allow-Methods: GET, POST, DELETE, PUT
Access-Control-Allow-Headers: Content-Type, api_key, Authorization
Server: Jetty(9.2.9.v20150224)

{
    "code": 200,
    "type": "unknown",
    "message": "4182120"
}
Name of test method sucessfully executed:testcreateuser
]]></system-out>
    <system-err><![CDATA[SLF4J(W): No SLF4J providers were found.
SLF4J(W): Defaulting to no-operation (NOP) logger implementation
SLF4J(W): See https://www.slf4j.org/codes.html#noProviders for further details.
]]></system-err>
  </testcase>
  <testcase name="testgetUserData" classname="api.testcases.UserTest" time="1.658">
    <system-out><![CDATA[Get Data
HTTP/1.1 200 OK
Date: Tue, 22 Jul 2025 16:02:20 GMT
Content-Type: application/json
Transfer-Encoding: chunked
Connection: keep-alive
Access-Control-Allow-Origin: *
Access-Control-Allow-Methods: GET, POST, DELETE, PUT
Access-Control-Allow-Headers: Content-Type, api_key, Authorization
Server: Jetty(9.2.9.v20150224)

{
    "id": 4182120,
    "username": "tula.vandervort",
    "firstName": "Matthew",
    "lastName": "Jacobs",
    "email": "cathryn.satterfield@example.com",
    "password": "yez8lnl09",
    "phone": "905.292.6189",
    "userStatus": 0
}
Name of test method sucessfully executed:testgetUserData
]]></system-out>
  </testcase>
  <testcase name="testputUserData" classname="api.testcases.UserTest" time="3.27">
    <system-out><![CDATA[Update Data
HTTP/1.1 200 OK
Date: Tue, 22 Jul 2025 16:02:22 GMT
Content-Type: application/json
Transfer-Encoding: chunked
Connection: keep-alive
Access-Control-Allow-Origin: *
Access-Control-Allow-Methods: GET, POST, DELETE, PUT
Access-Control-Allow-Headers: Content-Type, api_key, Authorization
Server: Jetty(9.2.9.v20150224)

{
    "code": 200,
    "type": "unknown",
    "message": "4182120"
}
After update post
Get Data
HTTP/1.1 200 OK
Date: Tue, 22 Jul 2025 16:02:24 GMT
Content-Type: application/json
Transfer-Encoding: chunked
Connection: keep-alive
Access-Control-Allow-Origin: *
Access-Control-Allow-Methods: GET, POST, DELETE, PUT
Access-Control-Allow-Headers: Content-Type, api_key, Authorization
Server: Jetty(9.2.9.v20150224)

{
    "id": 4182120,
    "username": "tula.vandervort",
    "firstName": "Van",
    "lastName": "Jacobs",
    "email": "cathryn.satterfield@example.com",
    "password": "yez8lnl09",
    "phone": "905.292.6189",
    "userStatus": 0
}
Name of test method sucessfully executed:testputUserData
]]></system-out>
  </testcase>
  <testcase name="testdeleteUserData" classname="api.testcases.UserTest" time="1.64">
    <system-out><![CDATA[Delete Data
HTTP/1.1 200 OK
Date: Tue, 22 Jul 2025 16:02:25 GMT
Content-Type: application/json
Transfer-Encoding: chunked
Connection: keep-alive
Access-Control-Allow-Origin: *
Access-Control-Allow-Methods: GET, POST, DELETE, PUT
Access-Control-Allow-Headers: Content-Type, api_key, Authorization
Server: Jetty(9.2.9.v20150224)

{
    "code": 200,
    "type": "unknown",
    "message": "tula.vandervort"
}
Name of test method sucessfully executed:testdeleteUserData
]]></system-out>
  </testcase>
</testsuite>